<?xml version="1.0" encoding="UTF-8"?>
<!-- Generated by org.testng.reporters.JUnitReportReporter -->
<testsuite hostname="DESKTOP-3KTC6IA" failures="0" tests="1" name="ReadExcelData" time="1.862" errors="0" timestamp="2024-04-28T15:12:45 IST" skipped="0">
  <testcase classname="ReadExcelData" name="getData" time="1.862"/>
</testsuite> <!-- ReadExcelData -->
