<?xml version="1.0" encoding="UTF-8"?>
<!-- Generated by org.testng.reporters.JUnitReportReporter -->
<testsuite hostname="DESKTOP-3KTC6IA" failures="0" tests="2" name="Testcases.SignInWithValidCredential" time="4.818" errors="0" timestamp="2024-04-29T15:59:43 IST" skipped="0">
  <testcase classname="Testcases.SignInWithValidCredential" name="sign_in_with_valid_credential" time="2.451"/>
  <testcase classname="Testcases.SignInWithValidCredential" name="sign_in_with_invalid_credential" time="2.367"/>
</testsuite> <!-- Testcases.SignInWithValidCredential -->
