<?xml version="1.0" encoding="UTF-8"?>
<!-- Generated by org.testng.reporters.JUnitReportReporter -->
<testsuite hostname="DESKTOP-3KTC6IA" failures="0" tests="1" name="SignInWithValidCredential" time="2.445" errors="0" timestamp="2024-04-28T15:08:57 IST" skipped="0">
  <testcase classname="SignInWithValidCredential" name="sign_in_with_invalid_credentail" time="2.445"/>
</testsuite> <!-- SignInWithValidCredential -->
